<?xml version="1.0" encoding="UTF-8"?>
<testng-results ignored="0" total="1" passed="1" failed="0" skipped="0">
  <reporter-output>
  </reporter-output>
  <suite started-at="2025-10-01T15:31:03 IST" name="Default suite" finished-at="2025-10-01T15:31:31 IST" duration-ms="28255">
    <groups>
    </groups>
    <test started-at="2025-10-01T15:31:03 IST" name="Default test" finished-at="2025-10-01T15:31:31 IST" duration-ms="28255">
      <class name="test.LiquidationReport">
        <test-method signature="liquidationReport()[pri:0, instance:test.LiquidationReport@15de0b3c]" started-at="2025-10-01T15:31:03 IST" name="liquidationReport" finished-at="2025-10-01T15:31:31 IST" duration-ms="28215" status="PASS">
          <reporter-output>
          </reporter-output>
        </test-method> <!-- liquidationReport -->
      </class> <!-- test.LiquidationReport -->
    </test> <!-- Default test -->
  </suite> <!-- Default suite -->
</testng-results>
