<?xml version="1.0" encoding="UTF-8"?>
<testng-results ignored="0" total="1" passed="1" failed="0" skipped="0">
  <reporter-output>
  </reporter-output>
  <suite started-at="2025-10-07T12:04:39 IST" name="Default suite" finished-at="2025-10-07T12:05:18 IST" duration-ms="39119">
    <groups>
    </groups>
    <test started-at="2025-10-07T12:04:39 IST" name="Default test" finished-at="2025-10-07T12:05:18 IST" duration-ms="39119">
      <class name="test.LiquidationReportTest">
        <test-method is-config="true" signature="Login()[pri:0, instance:test.LiquidationReportTest@4988d8b8]" started-at="2025-10-07T12:04:39 IST" name="Login" finished-at="2025-10-07T12:04:41 IST" duration-ms="2182" status="PASS">
          <reporter-output>
          </reporter-output>
        </test-method> <!-- Login -->
        <test-method signature="liquidationReport()[pri:0, instance:test.LiquidationReportTest@4988d8b8]" started-at="2025-10-07T12:04:41 IST" name="liquidationReport" finished-at="2025-10-07T12:05:18 IST" duration-ms="36907" status="PASS">
          <reporter-output>
          </reporter-output>
        </test-method> <!-- liquidationReport -->
      </class> <!-- test.LiquidationReportTest -->
    </test> <!-- Default test -->
  </suite> <!-- Default suite -->
</testng-results>
