<?xml version="1.0" encoding="UTF-8"?>
<testng-results ignored="0" total="1" passed="1" failed="0" skipped="0">
  <reporter-output>
  </reporter-output>
  <suite started-at="2025-10-03T09:44:24 IST" name="Default suite" finished-at="2025-10-03T09:44:24 IST" duration-ms="404">
    <groups>
    </groups>
    <test started-at="2025-10-03T09:44:24 IST" name="Default test" finished-at="2025-10-03T09:44:24 IST" duration-ms="404">
      <class name="test.FTPUploader">
        <test-method signature="upload()[pri:0, instance:test.FTPUploader@4116aac9]" started-at="2025-10-03T09:44:24 IST" name="upload" finished-at="2025-10-03T09:44:24 IST" duration-ms="366" status="PASS">
          <reporter-output>
          </reporter-output>
        </test-method> <!-- upload -->
      </class> <!-- test.FTPUploader -->
    </test> <!-- Default test -->
  </suite> <!-- Default suite -->
</testng-results>
